#
# There is insufficient memory for the Java Runtime Environment to continue.
# Native memory allocation (mmap) failed to map 18554880 bytes for committing reserved memory.
# Possible reasons:
#   The system is out of physical RAM or swap space
#   In 32 bit mode, the process size limit was hit
# Possible solutions:
#   Reduce memory load on the system
#   Increase physical memory or swap space
#   Check if swap backing store is full
#   Use 64 bit Java on a 64 bit OS
#   Decrease Java heap size (-Xmx/-Xms)
#   Decrease number of Java threads
#   Decrease Java thread stack sizes (-Xss)
#   Set larger code cache with -XX:ReservedCodeCacheSize=
# This output file may be truncated or incomplete.
#
#  Out of Memory Error (os_linux.cpp:2718), pid=5624, tid=140642000381696
#
# JRE version: Java(TM) SE Runtime Environment (8.0_05-b13) (build 1.8.0_05-b13)
# Java VM: Java HotSpot(TM) 64-Bit Server VM (25.5-b02 mixed mode linux-amd64 compressed oops)
# Failed to write core dump. Core dumps have been disabled. To enable core dumping, try "ulimit -c unlimited" before starting Java again
#

---------------  T H R E A D  ---------------

Current thread (0x0000000000a4e800):  VMThread [stack: 0x00007fe9c4692000,0x00007fe9c4793000] [id=5627]

Stack: [0x00007fe9c4692000,0x00007fe9c4793000],  sp=0x00007fe9c47913c0,  free space=1020k
Native frames: (J=compiled Java code, j=interpreted, Vv=VM code, C=native code)
V  [libjvm.so+0xa2f43a]  VMError::report_and_die()+0x2ca
V  [libjvm.so+0x4b2d5b]  report_vm_out_of_memory(char const*, int, unsigned long, VMErrorType, char const*)+0x8b
V  [libjvm.so+0x89e443]  os::Linux::commit_memory_impl(char*, unsigned long, bool)+0x103
V  [libjvm.so+0x89e999]  os::pd_commit_memory(char*, unsigned long, unsigned long, bool)+0x29
V  [libjvm.so+0x89863a]  os::commit_memory(char*, unsigned long, unsigned long, bool)+0x2a
V  [libjvm.so+0xa2b3b9]  VirtualSpace::expand_by(unsigned long, bool)+0x1c9
V  [libjvm.so+0x5966e5]  OneContigSpaceCardGeneration::grow_by(unsigned long)+0x25
V  [libjvm.so+0x596aaf]  CardGeneration::expand(unsigned long, unsigned long)+0x6f
V  [libjvm.so+0x596b5e]  OneContigSpaceCardGeneration::expand(unsigned long, unsigned long)+0x3e
V  [libjvm.so+0x587d24]  GenCollectedHeap::do_collection(bool, bool, unsigned long, bool, int)+0x764
V  [libjvm.so+0x443584]  GenCollectorPolicy::satisfy_failed_allocation(unsigned long, bool)+0x104
V  [libjvm.so+0xa30154]  VM_GenCollectForAllocation::doit()+0x94
V  [libjvm.so+0xa38215]  VM_Operation::evaluate()+0x55
V  [libjvm.so+0xa3660a]  VMThread::evaluate_operation(VM_Operation*)+0xba
V  [libjvm.so+0xa3698e]  VMThread::loop()+0x1ce
V  [libjvm.so+0xa36e00]  VMThread::run()+0x70
V  [libjvm.so+0x8a00c8]  java_start(Thread*)+0x108

VM_Operation (0x00007fe9c2df46e0): GenCollectForAllocation, mode: safepoint, requested by thread 0x0000000000ddb000


---------------  P R O C E S S  ---------------

Java Threads: ( => current thread )
  0x0000000001a70000 JavaThread "File lock request listener" [_thread_in_native, id=5649, stack(0x00007fe9c21b8000,0x00007fe9c22b9000)]
  0x0000000001394000 JavaThread "process reaper" daemon [_thread_blocked, id=5648, stack(0x00007fe9c20e7000,0x00007fe9c2120000)]
  0x0000000000cb7000 JavaThread "Stdin handler" [_thread_blocked, id=5646, stack(0x00007fe9c28f9000,0x00007fe9c29fa000)]
  0x0000000000dd9000 JavaThread "Handler for socket connection at /127.0.0.1:49111 with /127.0.0.1:42030" [_thread_in_native, id=5643, stack(0x00007fe9c2bfa000,0x00007fe9c2cfb000)]
  0x0000000000ddb000 JavaThread "Daemon" [_thread_blocked, id=5642, stack(0x00007fe9c2cfb000,0x00007fe9c2dfc000)]
  0x00007fe9bc070800 JavaThread "Incoming local TCP Connector on port 49111" [_thread_in_native, id=5640, stack(0x00007fe9c2dfc000,0x00007fe9c2efd000)]
  0x0000000000ae7800 JavaThread "Service Thread" daemon [_thread_blocked, id=5637, stack(0x00007fe9c3f2f000,0x00007fe9c4030000)]
  0x0000000000a95800 JavaThread "C1 CompilerThread1" daemon [_thread_blocked, id=5636, stack(0x00007fe9c4030000,0x00007fe9c4131000)]
  0x0000000000a93000 JavaThread "C2 CompilerThread0" daemon [_thread_in_native, id=5635, stack(0x00007fe9c4131000,0x00007fe9c4232000)]
  0x0000000000a91000 JavaThread "Signal Dispatcher" daemon [_thread_blocked, id=5634, stack(0x00007fe9c4232000,0x00007fe9c4333000)]
  0x0000000000a57800 JavaThread "Finalizer" daemon [_thread_blocked, id=5629, stack(0x00007fe9c4490000,0x00007fe9c4591000)]
  0x0000000000a53800 JavaThread "Reference Handler" daemon [_thread_blocked, id=5628, stack(0x00007fe9c4591000,0x00007fe9c4692000)]
  0x00000000009ee800 JavaThread "main" [_thread_blocked, id=5626, stack(0x00007fe9d75ef000,0x00007fe9d76f0000)]

Other Threads:
=>0x0000000000a4e800 VMThread [stack: 0x00007fe9c4692000,0x00007fe9c4793000] [id=5627]
  0x0000000000afb000 WatcherThread [stack: 0x00007fe9c3e2e000,0x00007fe9c3f2f000] [id=5638]

VM state:at safepoint (normal execution)

VM Mutex/Monitor currently owned by a thread:  ([mutex/lock_event])
[0x00000000009eac90] Threads_lock - owner thread: 0x0000000000a4e800
[0x00000000009eb190] Heap_lock - owner thread: 0x0000000000ddb000

Heap:
 def new generation   total 14272K, used 0K [0x00000000c0000000, 0x00000000c0f70000, 0x00000000d5550000)
  eden space 12736K,   0% used [0x00000000c0000000, 0x00000000c0000000, 0x00000000c0c70000)
  from space 1536K,   0% used [0x00000000c0c70000, 0x00000000c0c70000, 0x00000000c0df0000)
  to   space 1536K,   0% used [0x00000000c0df0000, 0x00000000c0df0000, 0x00000000c0f70000)
 tenured generation   total 31872K, used 29992K [0x00000000d5550000, 0x00000000d7470000, 0x0000000100000000)
   the space 31872K,  94% used [0x00000000d5550000, 0x00000000d729a3b0, 0x00000000d729a400, 0x00000000d7470000)
 Metaspace       used 28777K, capacity 29842K, committed 30080K, reserved 1075200K
  class space    used 4036K, capacity 4376K, committed 4480K, reserved 1048576K

Card table byte_map: [0x00007fe9c5334000,0x00007fe9c5535000] byte_map_base: 0x00007fe9c4d34000

Polling page: 0x00007fe9d770e000

CodeCache: size=245760Kb used=11794Kb max_used=11794Kb free=233965Kb
 bounds [0x00007fe9c58f5000, 0x00007fe9c6485000, 0x00007fe9d48f5000]
 total_blobs=3728 nmethods=3114 adapters=528
 compilation: enabled

Compilation events (10 events):
Event: 39.052 Thread 0x0000000000a95800 3132       2       groovy.lang.MetaClassImpl::calcFirstGroovySuperClass (158 bytes)
Event: 39.052 Thread 0x0000000000a95800 nmethod 3132 0x00007fe9c647db10 code [0x00007fe9c647dd20, 0x00007fe9c647e1e8]
Event: 39.053 Thread 0x0000000000a95800 3133       2       groovy.lang.MetaClassImpl::isBeanDerivative (36 bytes)
Event: 39.053 Thread 0x0000000000a95800 nmethod 3133 0x00007fe9c647e550 code [0x00007fe9c647e6e0, 0x00007fe9c647ea10]
Event: 39.055 Thread 0x0000000000a95800 3134       2       groovy.lang.MetaClassImpl$15::<init> (10 bytes)
Event: 39.055 Thread 0x0000000000a95800 nmethod 3134 0x00007fe9c647ec50 code [0x00007fe9c647eda0, 0x00007fe9c647ef10]
Event: 39.055 Thread 0x0000000000a95800 3135       2       groovy.lang.MetaClassImpl$15::run (11 bytes)
Event: 39.055 Thread 0x0000000000a95800 nmethod 3135 0x00007fe9c647ef90 code [0x00007fe9c647f100, 0x00007fe9c647f260]
Event: 39.079 Thread 0x0000000000a95800 3136       2       groovy.lang.MetaClassImpl::setupProperties (300 bytes)
Event: 39.082 Thread 0x0000000000a95800 nmethod 3136 0x00007fe9c647f310 code [0x00007fe9c647f680, 0x00007fe9c6480560]

GC Heap History (10 events):
Event: 28.986 GC heap after
Heap after GC invocations=632 (full 1):
 def new generation   total 14272K, used 835K [0x00000000c0000000, 0x00000000c0f70000, 0x00000000d5550000)
  eden space 12736K,   0% used [0x00000000c0000000, 0x00000000c0000000, 0x00000000c0c70000)
  from space 1536K,  54% used [0x00000000c0df0000, 0x00000000c0ec0fe8, 0x00000000c0f70000)
  to   space 1536K,   0% used [0x00000000c0c70000, 0x00000000c0c70000, 0x00000000c0df0000)
 tenured generation   total 31488K, used 29332K [0x00000000d5550000, 0x00000000d7410000, 0x0000000100000000)
   the space 31488K,  93% used [0x00000000d5550000, 0x00000000d71f51c8, 0x00000000d71f5200, 0x00000000d7410000)
 Metaspace       used 24560K, capacity 25394K, committed 25472K, reserved 1071104K
  class space    used 3391K, capacity 3690K, committed 3712K, reserved 1048576K
}
Event: 30.854 GC heap before
{Heap before GC invocations=632 (full 1):
 def new generation   total 14272K, used 13571K [0x00000000c0000000, 0x00000000c0f70000, 0x00000000d5550000)
  eden space 12736K, 100% used [0x00000000c0000000, 0x00000000c0c70000, 0x00000000c0c70000)
  from space 1536K,  54% used [0x00000000c0df0000, 0x00000000c0ec0fe8, 0x00000000c0f70000)
  to   space 1536K,   0% used [0x00000000c0c70000, 0x00000000c0c70000, 0x00000000c0df0000)
 tenured generation   total 31488K, used 29332K [0x00000000d5550000, 0x00000000d7410000, 0x0000000100000000)
   the space 31488K,  93% used [0x00000000d5550000, 0x00000000d71f51c8, 0x00000000d71f5200, 0x00000000d7410000)
 Metaspace       used 25776K, capacity 26552K, committed 26752K, reserved 1073152K
  class space    used 3581K, capacity 3883K, committed 3968K, reserved 1048576K
Event: 30.893 GC heap after
Heap after GC invocations=633 (full 1):
 def new generation   total 14272K, used 1359K [0x00000000c0000000, 0x00000000c0f70000, 0x00000000d5550000)
  eden space 12736K,   0% used [0x00000000c0000000, 0x00000000c0000000, 0x00000000c0c70000)
  from space 1536K,  88% used [0x00000000c0c70000, 0x00000000c0dc3e58, 0x00000000c0df0000)
  to   space 1536K,   0% used [0x00000000c0df0000, 0x00000000c0df0000, 0x00000000c0f70000)
 tenured generation   total 31488K, used 30067K [0x00000000d5550000, 0x00000000d7410000, 0x0000000100000000)
   the space 31488K,  95% used [0x00000000d5550000, 0x00000000d72acfa8, 0x00000000d72ad000, 0x00000000d7410000)
 Metaspace       used 25776K, capacity 26552K, committed 26752K, reserved 1073152K
  class space    used 3581K, capacity 3883K, committed 3968K, reserved 1048576K
}
Event: 32.357 GC heap before
{Heap before GC invocations=633 (full 1):
 def new generation   total 14272K, used 14095K [0x00000000c0000000, 0x00000000c0f70000, 0x00000000d5550000)
  eden space 12736K, 100% used [0x00000000c0000000, 0x00000000c0c70000, 0x00000000c0c70000)
  from space 1536K,  88% used [0x00000000c0c70000, 0x00000000c0dc3e58, 0x00000000c0df0000)
  to   space 1536K,   0% used [0x00000000c0df0000, 0x00000000c0df0000, 0x00000000c0f70000)
 tenured generation   total 31488K, used 30067K [0x00000000d5550000, 0x00000000d7410000, 0x0000000100000000)
   the space 31488K,  95% used [0x00000000d5550000, 0x00000000d72acfa8, 0x00000000d72ad000, 0x00000000d7410000)
 Metaspace       used 27515K, capacity 28552K, committed 28800K, reserved 1073152K
  class space    used 3801K, capacity 4147K, committed 4224K, reserved 1048576K
Event: 32.424 GC heap after
Heap after GC invocations=634 (full 1):
 def new generation   total 14272K, used 1208K [0x00000000c0000000, 0x00000000c0f70000, 0x00000000d5550000)
  eden space 12736K,   0% used [0x00000000c0000000, 0x00000000c0000000, 0x00000000c0c70000)
  from space 1536K,  78% used [0x00000000c0df0000, 0x00000000c0f1e128, 0x00000000c0f70000)
  to   space 1536K,   0% used [0x00000000c0c70000, 0x00000000c0c70000, 0x00000000c0df0000)
 tenured generation   total 31488K, used 30257K [0x00000000d5550000, 0x00000000d7410000, 0x0000000100000000)
   the space 31488K,  96% used [0x00000000d5550000, 0x00000000d72dc5e0, 0x00000000d72dc600, 0x00000000d7410000)
 Metaspace       used 27515K, capacity 28552K, committed 28800K, reserved 1073152K
  class space    used 3801K, capacity 4147K, committed 4224K, reserved 1048576K
}
Event: 35.031 GC heap before
{Heap before GC invocations=634 (full 1):
 def new generation   total 14272K, used 13944K [0x00000000c0000000, 0x00000000c0f70000, 0x00000000d5550000)
  eden space 12736K, 100% used [0x00000000c0000000, 0x00000000c0c70000, 0x00000000c0c70000)
  from space 1536K,  78% used [0x00000000c0df0000, 0x00000000c0f1e128, 0x00000000c0f70000)
  to   space 1536K,   0% used [0x00000000c0c70000, 0x00000000c0c70000, 0x00000000c0df0000)
 tenured generation   total 31488K, used 30257K [0x00000000d5550000, 0x00000000d7410000, 0x0000000100000000)
   the space 31488K,  96% used [0x00000000d5550000, 0x00000000d72dc5e0, 0x00000000d72dc600, 0x00000000d7410000)
 Metaspace       used 27985K, capacity 28890K, committed 29056K, reserved 1075200K
  class space    used 3868K, capacity 4221K, committed 4224K, reserved 1048576K
Event: 35.066 GC heap after
Heap after GC invocations=635 (full 1):
 def new generation   total 14272K, used 873K [0x00000000c0000000, 0x00000000c0f70000, 0x00000000d5550000)
  eden space 12736K,   0% used [0x00000000c0000000, 0x00000000c0000000, 0x00000000c0c70000)
  from space 1536K,  56% used [0x00000000c0c70000, 0x00000000c0d4a710, 0x00000000c0df0000)
  to   space 1536K,   0% used [0x00000000c0df0000, 0x00000000c0df0000, 0x00000000c0f70000)
 tenured generation   total 31488K, used 30640K [0x00000000d5550000, 0x00000000d7410000, 0x0000000100000000)
   the space 31488K,  97% used [0x00000000d5550000, 0x00000000d733c380, 0x00000000d733c400, 0x00000000d7410000)
 Metaspace       used 27985K, capacity 28890K, committed 29056K, reserved 1075200K
  class space    used 3868K, capacity 4221K, committed 4224K, reserved 1048576K
}
Event: 36.459 GC heap before
{Heap before GC invocations=635 (full 1):
 def new generation   total 14272K, used 13609K [0x00000000c0000000, 0x00000000c0f70000, 0x00000000d5550000)
  eden space 12736K, 100% used [0x00000000c0000000, 0x00000000c0c70000, 0x00000000c0c70000)
  from space 1536K,  56% used [0x00000000c0c70000, 0x00000000c0d4a710, 0x00000000c0df0000)
  to   space 1536K,   0% used [0x00000000c0df0000, 0x00000000c0df0000, 0x00000000c0f70000)
 tenured generation   total 31488K, used 30640K [0x00000000d5550000, 0x00000000d7410000, 0x0000000100000000)
   the space 31488K,  97% used [0x00000000d5550000, 0x00000000d733c380, 0x00000000d733c400, 0x00000000d7410000)
 Metaspace       used 28405K, capacity 29472K, committed 29696K, reserved 1075200K
  class space    used 3952K, capacity 4310K, committed 4352K, reserved 1048576K
Event: 36.508 GC heap after
Heap after GC invocations=636 (full 1):
 def new generation   total 14272K, used 904K [0x00000000c0000000, 0x00000000c0f70000, 0x00000000d5550000)
  eden space 12736K,   0% used [0x00000000c0000000, 0x00000000c0000000, 0x00000000c0c70000)
  from space 1536K,  58% used [0x00000000c0df0000, 0x00000000c0ed23c0, 0x00000000c0f70000)
  to   space 1536K,   0% used [0x00000000c0c70000, 0x00000000c0c70000, 0x00000000c0df0000)
 tenured generation   total 31488K, used 31219K [0x00000000d5550000, 0x00000000d7410000, 0x0000000100000000)
   the space 31488K,  99% used [0x00000000d5550000, 0x00000000d73cce40, 0x00000000d73cd000, 0x00000000d7410000)
 Metaspace       used 28405K, capacity 29472K, committed 29696K, reserved 1075200K
  class space    used 3952K, capacity 4310K, committed 4352K, reserved 1048576K
}
Event: 39.108 GC heap before
{Heap before GC invocations=636 (full 1):
 def new generation   total 14272K, used 13640K [0x00000000c0000000, 0x00000000c0f70000, 0x00000000d5550000)
  eden space 12736K, 100% used [0x00000000c0000000, 0x00000000c0c70000, 0x00000000c0c70000)
  from space 1536K,  58% used [0x00000000c0df0000, 0x00000000c0ed23c0, 0x00000000c0f70000)
  to   space 1536K,   0% used [0x00000000c0c70000, 0x00000000c0c70000, 0x00000000c0df0000)
 tenured generation   total 31488K, used 31219K [0x00000000d5550000, 0x00000000d7410000, 0x0000000100000000)
   the space 31488K,  99% used [0x00000000d5550000, 0x00000000d73cce40, 0x00000000d73cd000, 0x00000000d7410000)
 Metaspace       used 28777K, capacity 29842K, committed 30080K, reserved 1075200K
  class space    used 4036K, capacity 4376K, committed 4480K, reserved 1048576K

Deoptimization events (10 events):
Event: 30.824 Thread 0x0000000000ddb000 Uncommon trap: reason=bimorphic action=maybe_recompile pc=0x00007fe9c5f60e04 method=java.util.regex.Pattern$5.isSatisfiedBy(I)Z @ 16
Event: 30.824 Thread 0x0000000000ddb000 Uncommon trap: reason=bimorphic action=maybe_recompile pc=0x00007fe9c5f6915c method=java.util.regex.Pattern$5.isSatisfiedBy(I)Z @ 16
Event: 35.663 Thread 0x0000000000ddb000 Uncommon trap: reason=class_check action=maybe_recompile pc=0x00007fe9c5ed5c8c method=java.util.regex.Matcher.search(I)Z @ 86
Event: 35.676 Thread 0x0000000000ddb000 Uncommon trap: reason=bimorphic action=maybe_recompile pc=0x00007fe9c5c42634 method=java.util.regex.Pattern$Slice.match(Ljava/util/regex/Matcher;ILjava/lang/CharSequence;)Z @ 75
Event: 35.683 Thread 0x0000000000ddb000 Uncommon trap: reason=bimorphic action=maybe_recompile pc=0x00007fe9c5c42634 method=java.util.regex.Pattern$Slice.match(Ljava/util/regex/Matcher;ILjava/lang/CharSequence;)Z @ 75
Event: 35.717 Thread 0x0000000000ddb000 Uncommon trap: reason=class_check action=maybe_recompile pc=0x00007fe9c5ed5c8c method=java.util.regex.Matcher.search(I)Z @ 86
Event: 37.711 Thread 0x0000000000ddb000 Uncommon trap: reason=class_check action=maybe_recompile pc=0x00007fe9c5f54b98 method=com.google.common.base.Equivalence$Equals.doHash(Ljava/lang/Object;)I @ 1
Event: 38.025 Thread 0x0000000000ddb000 Uncommon trap: reason=class_check action=maybe_recompile pc=0x00007fe9c5f54b98 method=com.google.common.base.Equivalence$Equals.doHash(Ljava/lang/Object;)I @ 1
Event: 38.222 Thread 0x0000000000ddb000 Uncommon trap: reason=class_check action=maybe_recompile pc=0x00007fe9c5f54b98 method=com.google.common.base.Equivalence$Equals.doHash(Ljava/lang/Object;)I @ 1
Event: 38.232 Thread 0x0000000000ddb000 Uncommon trap: reason=class_check action=maybe_recompile pc=0x00007fe9c5f54b98 method=com.google.common.base.Equivalence$Equals.doHash(Ljava/lang/Object;)I @ 1

Internal exceptions (10 events):
Event: 39.078 Thread 0x0000000000ddb000 Exception <a 'java/security/PrivilegedActionException'> (0x00000000c0c39360) thrown at [/HUDSON/workspace/8-2-build-linux-amd64/jdk8u5/2488/hotspot/src/share/vm/prims/jvm.cpp, line 1248]
Event: 39.078 Thread 0x0000000000ddb000 Exception <a 'java/lang/ClassNotFoundException': com/google/common/collect/AbstractMapBasedMultimap$WrappedSetCustomizer> (0x00000000c0c39a80) thrown at [/HUDSON/workspace/8-2-build-linux-amd64/jdk8u5/2488/hotspot/src/share/vm/classfile/systemDictionary.c
Event: 39.082 Thread 0x0000000000ddb000 Exception <a 'java/security/PrivilegedActionException'> (0x00000000c0c42618) thrown at [/HUDSON/workspace/8-2-build-linux-amd64/jdk8u5/2488/hotspot/src/share/vm/prims/jvm.cpp, line 1248]
Event: 39.082 Thread 0x0000000000ddb000 Exception <a 'java/security/PrivilegedActionException'> (0x00000000c0c43790) thrown at [/HUDSON/workspace/8-2-build-linux-amd64/jdk8u5/2488/hotspot/src/share/vm/prims/jvm.cpp, line 1248]
Event: 39.087 Thread 0x0000000000ddb000 Exception <a 'java/security/PrivilegedActionException'> (0x00000000c0c4a3f0) thrown at [/HUDSON/workspace/8-2-build-linux-amd64/jdk8u5/2488/hotspot/src/share/vm/prims/jvm.cpp, line 1248]
Event: 39.087 Thread 0x0000000000ddb000 Exception <a 'java/security/PrivilegedActionException'> (0x00000000c0c4b8e8) thrown at [/HUDSON/workspace/8-2-build-linux-amd64/jdk8u5/2488/hotspot/src/share/vm/prims/jvm.cpp, line 1248]
Event: 39.098 Thread 0x0000000000ddb000 Exception <a 'java/security/PrivilegedActionException'> (0x00000000c0c587e0) thrown at [/HUDSON/workspace/8-2-build-linux-amd64/jdk8u5/2488/hotspot/src/share/vm/prims/jvm.cpp, line 1248]
Event: 39.099 Thread 0x0000000000ddb000 Exception <a 'java/security/PrivilegedActionException'> (0x00000000c0c5f700) thrown at [/HUDSON/workspace/8-2-build-linux-amd64/jdk8u5/2488/hotspot/src/share/vm/prims/jvm.cpp, line 1248]
Event: 39.099 Thread 0x0000000000ddb000 Exception <a 'java/security/PrivilegedActionException'> (0x00000000c0c60a60) thrown at [/HUDSON/workspace/8-2-build-linux-amd64/jdk8u5/2488/hotspot/src/share/vm/prims/jvm.cpp, line 1248]
Event: 39.099 Thread 0x0000000000ddb000 Exception <a 'java/security/PrivilegedActionException'> (0x00000000c0c6b280) thrown at [/HUDSON/workspace/8-2-build-linux-amd64/jdk8u5/2488/hotspot/src/share/vm/prims/jvm.cpp, line 1248]

Events (10 events):
Event: 39.078 loading class com/google/common/collect/AbstractMapBasedMultimap$WrappedSetCustomizer done
Event: 39.078 loading class com/google/common/collect/AbstractMapBasedMultimap$WrappedSetCustomizer
Event: 39.078 loading class com/google/common/collect/AbstractMapBasedMultimap$WrappedSetCustomizer done
Event: 39.082 loading class com/google/common/collect/LinkedHashMultimap$ValueSet$1
Event: 39.082 loading class com/google/common/collect/LinkedHashMultimap$ValueSet$1 done
Event: 39.087 loading class groovy/runtime/metaclass/org/gradle/api/internal/artifacts/resolution/DefaultJvmLibrarySourcesArtifactMetaClass
Event: 39.087 loading class groovy/runtime/metaclass/org/gradle/api/internal/artifacts/resolution/DefaultJvmLibrarySourcesArtifactMetaClass done
Event: 39.099 loading class org/gradle/api/internal/artifacts/resolution/DefaultJvmLibrarySourcesArtifactBeanInfo
Event: 39.099 loading class org/gradle/api/internal/artifacts/resolution/DefaultJvmLibrarySourcesArtifactBeanInfo done
Event: 39.106 Executing VM operation: GenCollectForAllocation


Dynamic libraries:
00400000-00401000 r-xp 00000000 08:01 672153                             /home/jztech101/jdk/bin/java
00600000-00601000 rw-p 00000000 08:01 672153                             /home/jztech101/jdk/bin/java
009e3000-01dd4000 rw-p 00000000 00:00 0                                  [heap]
c0000000-c0f70000 rw-p 00000000 00:00 0 
c0f70000-d5550000 ---p 00000000 00:00 0 
d5550000-d7470000 rw-p 00000000 00:00 0 
d8622000-100000000 ---p 00000000 00:00 0 
100000000-100460000 rw-p 00000000 00:00 0 
100460000-140000000 ---p 00000000 00:00 0 
7fe9bc000000-7fe9bdec9000 rw-p 00000000 00:00 0 
7fe9bdec9000-7fe9c0000000 ---p 00000000 00:00 0 
7fe9c14e7000-7fe9c15e7000 rw-p 00000000 00:00 0 
7fe9c15e7000-7fe9c16e7000 ---p 00000000 00:00 0 
7fe9c16e7000-7fe9c18e7000 rw-p 00000000 00:00 0 
7fe9c18e7000-7fe9c1ae7000 rw-p 00000000 00:00 0 
7fe9c1ae7000-7fe9c1ce7000 rw-p 00000000 00:00 0 
7fe9c1ce7000-7fe9c1ee7000 rw-p 00000000 00:00 0 
7fe9c1ee7000-7fe9c20e7000 rw-p 00000000 00:00 0 
7fe9c20e7000-7fe9c20ea000 ---p 00000000 00:00 0 
7fe9c20ea000-7fe9c2120000 rw-p 00000000 00:00 0                          [stack:5648]
7fe9c21b7000-7fe9c21b8000 rw-p 00000000 00:00 0 
7fe9c21b8000-7fe9c21bb000 ---p 00000000 00:00 0 
7fe9c21bb000-7fe9c22b9000 rw-p 00000000 00:00 0                          [stack:5649]
7fe9c22b9000-7fe9c22bb000 r--s 00012000 08:01 2098568                    /home/jztech101/Software/IdeaU/plugins/gradle/lib/gradle-tooling-extension-impl.jar
7fe9c22bb000-7fe9c22bc000 r--p 00000000 00:00 0 
7fe9c22bc000-7fe9c22bd000 r--s 00002000 08:01 2097645                    /home/jztech101/Software/IdeaU/plugins/android/lib/builder-model-0.9.0.jar
7fe9c22bd000-7fe9c24bd000 rw-p 00000000 00:00 0 
7fe9c24bd000-7fe9c25a1000 r--s 0120e000 08:01 1574056                    /home/jztech101/Software/IdeaU/lib/openapi.jar
7fe9c25a1000-7fe9c25a2000 r--s 00004000 08:01 2098567                    /home/jztech101/Software/IdeaU/plugins/gradle/lib/gradle-tooling-extension-api.jar
7fe9c25a2000-7fe9c25a4000 r--s 00005000 08:01 2098585                    /home/jztech101/Software/IdeaU/plugins/gradle/lib/slf4j-api-1.7.5.jar
7fe9c25a4000-7fe9c25a6000 r--s 00002000 08:01 1724107                    /home/jztech101/Software/IdeaU/lib/ant/lib/ant-launcher.jar
7fe9c25a6000-7fe9c25c4000 r--s 001bb000 08:01 1724116                    /home/jztech101/Software/IdeaU/lib/ant/lib/ant.jar
7fe9c25c4000-7fe9c262a000 r--s 005dc000 08:01 1573967                    /home/jztech101/Software/IdeaU/lib/groovy-all-2.2.1.jar
7fe9c262a000-7fe9c265a000 r--s 00191000 08:01 2098562                    /home/jztech101/Software/IdeaU/plugins/gradle/lib/gradle-core-1.12.jar
7fe9c265a000-7fe9c2681000 r--s 001c3000 08:01 2098571                    /home/jztech101/Software/IdeaU/plugins/gradle/lib/guava-jdk5-14.0.1.jar
7fe9c2681000-7fe9c2881000 rw-p 00000000 00:00 0 
7fe9c2881000-7fe9c28f9000 r--s 010c6000 08:01 672258                     /home/jztech101/jdk/lib/tools.jar
7fe9c28f9000-7fe9c28fc000 ---p 00000000 00:00 0 
7fe9c28fc000-7fe9c2bfa000 rw-p 00000000 00:00 0                          [stack:5646]
7fe9c2bfa000-7fe9c2bfd000 ---p 00000000 00:00 0 
7fe9c2bfd000-7fe9c2cfb000 rw-p 00000000 00:00 0                          [stack:5643]
7fe9c2cfb000-7fe9c2cfe000 ---p 00000000 00:00 0 
7fe9c2cfe000-7fe9c2dfc000 rw-p 00000000 00:00 0                          [stack:5642]
7fe9c2dfc000-7fe9c2dff000 ---p 00000000 00:00 0 
7fe9c2dff000-7fe9c2efd000 rw-p 00000000 00:00 0                          [stack:5640]
7fe9c2efd000-7fe9c2f0d000 r-xp 00000000 08:01 2097208                    /home/jztech101/jdk/jre/lib/amd64/libnio.so
7fe9c2f0d000-7fe9c310d000 ---p 00010000 08:01 2097208                    /home/jztech101/jdk/jre/lib/amd64/libnio.so
7fe9c310d000-7fe9c310e000 rw-p 00010000 08:01 2097208                    /home/jztech101/jdk/jre/lib/amd64/libnio.so
7fe9c310e000-7fe9c3124000 r-xp 00000000 08:01 2097205                    /home/jztech101/jdk/jre/lib/amd64/libnet.so
7fe9c3124000-7fe9c3323000 ---p 00016000 08:01 2097205                    /home/jztech101/jdk/jre/lib/amd64/libnet.so
7fe9c3323000-7fe9c3324000 rw-p 00015000 08:01 2097205                    /home/jztech101/jdk/jre/lib/amd64/libnet.so
7fe9c3324000-7fe9c3339000 r-xp 00000000 08:01 525406                     /lib/x86_64-linux-gnu/libgcc_s.so.1
7fe9c3339000-7fe9c3539000 ---p 00015000 08:01 525406                     /lib/x86_64-linux-gnu/libgcc_s.so.1
7fe9c3539000-7fe9c353a000 rw-p 00015000 08:01 525406                     /lib/x86_64-linux-gnu/libgcc_s.so.1
7fe9c353a000-7fe9c3622000 r-xp 00000000 08:01 1190150                    /usr/lib/x86_64-linux-gnu/libstdc++.so.6.0.17
7fe9c3622000-7fe9c3822000 ---p 000e8000 08:01 1190150                    /usr/lib/x86_64-linux-gnu/libstdc++.so.6.0.17
7fe9c3822000-7fe9c382a000 r--p 000e8000 08:01 1190150                    /usr/lib/x86_64-linux-gnu/libstdc++.so.6.0.17
7fe9c382a000-7fe9c382c000 rw-p 000f0000 08:01 1190150                    /usr/lib/x86_64-linux-gnu/libstdc++.so.6.0.17
7fe9c382c000-7fe9c3841000 rw-p 00000000 00:00 0 
7fe9c3841000-7fe9c3843000 r--s 00016000 08:01 1574106                    /home/jztech101/Software/IdeaU/lib/xpp3-1.1.4-min.jar
7fe9c3843000-7fe9c384f000 r--s 0006a000 08:01 1574108                    /home/jztech101/Software/IdeaU/lib/xstream-1.4.3.jar
7fe9c384f000-7fe9c3854000 r--s 00024000 08:01 2098561                    /home/jztech101/Software/IdeaU/plugins/gradle/lib/gradle-base-services-1.12.jar
7fe9c3854000-7fe9c385c000 r--s 0002a000 08:01 2098566                    /home/jztech101/Software/IdeaU/plugins/gradle/lib/gradle-tooling-api-1.12.jar
7fe9c385c000-7fe9c3860000 r-xp 00000000 08:01 1183758                    /tmp/native-platform4350281050885117465dir/libnative-platform.so
7fe9c3860000-7fe9c3a5f000 ---p 00004000 08:01 1183758                    /tmp/native-platform4350281050885117465dir/libnative-platform.so
7fe9c3a5f000-7fe9c3a60000 rw-p 00003000 08:01 1183758                    /tmp/native-platform4350281050885117465dir/libnative-platform.so
7fe9c3a60000-7fe9c3a65000 r--s 00092000 08:01 1975317                    /home/jztech101/jdk/jre/lib/jsse.jar
7fe9c3a65000-7fe9c3a67000 r--s 00003000 08:01 1836466                    /home/jztech101/.gradle/wrapper/dists/gradle-1.12-all/2650hq37qpph364ivk299q86gl/gradle-1.12/lib/plugins/gradle-language-base-1.12.jar
7fe9c3a67000-7fe9c3a68000 r--s 00004000 08:01 1836465                    /home/jztech101/.gradle/wrapper/dists/gradle-1.12-all/2650hq37qpph364ivk299q86gl/gradle-1.12/lib/plugins/gradle-language-jvm-1.12.jar
7fe9c3a68000-7fe9c3a6d000 r--s 00029000 08:01 1836464                    /home/jztech101/.gradle/wrapper/dists/gradle-1.12-all/2650hq37qpph364ivk299q86gl/gradle-1.12/lib/plugins/gradle-build-init-1.12.jar
7fe9c3a6d000-7fe9c3a70000 r--s 0001f000 08:01 1836463                    /home/jztech101/.gradle/wrapper/dists/gradle-1.12-all/2650hq37qpph364ivk299q86gl/gradle-1.12/lib/plugins/gradle-jacoco-1.12.jar
7fe9c3a70000-7fe9c3a73000 r--s 0000c000 08:01 1836462                    /home/jztech101/.gradle/wrapper/dists/gradle-1.12-all/2650hq37qpph364ivk299q86gl/gradle-1.12/lib/plugins/gradle-ivy-1.12.jar
7fe9c3a73000-7fe9c3a75000 r--s 00002000 08:01 1836461                    /home/jztech101/.gradle/wrapper/dists/gradle-1.12-all/2650hq37qpph364ivk299q86gl/gradle-1.12/lib/plugins/gradle-publish-1.12.jar
7fe9c3a75000-7fe9c3a77000 r--s 00005000 08:01 1836491                    /home/jztech101/.gradle/wrapper/dists/gradle-1.12-all/2650hq37qpph364ivk299q86gl/gradle-1.12/lib/plugins/jatl-0.2.2.jar
7fe9c3a77000-7fe9c3a79000 r--s 00007000 08:01 1836460                    /home/jztech101/.gradle/wrapper/dists/gradle-1.12-all/2650hq37qpph364ivk299q86gl/gradle-1.12/lib/plugins/gradle-reporting-1.12.jar
7fe9c3a79000-7fe9c3a7e000 r--s 0003c000 08:01 1836459                    /home/jztech101/.gradle/wrapper/dists/gradle-1.12-all/2650hq37qpph364ivk299q86gl/gradle-1.12/lib/plugins/gradle-diagnostics-1.12.jar
7fe9c3a7e000-7fe9c3a85000 r--s 00094000 08:01 1836458                    /home/jztech101/.gradle/wrapper/dists/gradle-1.12-all/2650hq37qpph364ivk299q86gl/gradle-1.12/lib/plugins/gradle-build-comparison-1.12.jar
7fe9c3a85000-7fe9c3a8c000 r--s 00035000 08:01 1836490                    /home/jztech101/.gradle/wrapper/dists/gradle-1.12-all/2650hq37qpph364ivk299q86gl/gradle-1.12/lib/plugins/simple-4.1.21.jar
7fe9c3a8c000-7fe9c3a91000 r--s 0002a000 08:01 1836489                    /home/jztech101/.gradle/wrapper/dists/gradle-1.12-all/2650hq37qpph364ivk299q86gl/gradle-1.12/lib/plugins/gson-2.2.4.jar
7fe9c3a91000-7fe9c3a9d000 r--s 00100000 08:01 1836488                    /home/jztech101/.gradle/wrapper/dists/gradle-1.12-all/2650hq37qpph364ivk299q86gl/gradle-1.12/lib/plugins/rhino-1.7R3.jar
7fe9c3a9d000-7fe9c3aa2000 r--s 00021000 08:01 1836457                    /home/jztech101/.gradle/wrapper/dists/gradle-1.12-all/2650hq37qpph364ivk299q86gl/gradle-1.12/lib/plugins/gradle-javascript-1.12.jar
7fe9c3aa2000-7fe9c3aa4000 r--s 0000f000 08:01 1836456                    /home/jztech101/.gradle/wrapper/dists/gradle-1.12-all/2650hq37qpph364ivk299q86gl/gradle-1.12/lib/plugins/gradle-ear-1.12.jar
7fe9c3aa4000-7fe9c3aba000 r--s 000de000 08:01 1836455                    /home/jztech101/.gradle/wrapper/dists/gradle-1.12-all/2650hq37qpph364ivk299q86gl/gradle-1.12/lib/plugins/gradle-cpp-1.12.jar
7fe9c3aba000-7fe9c3ae2000 r--s 00194000 08:01 1836500                    /home/jztech101/.gradle/wrapper/dists/gradle-1.12-all/2650hq37qpph364ivk299q86gl/gradle-1.12/lib/plugins/bcprov-jdk15-1.46.jar
7fe9c3ae2000-7fe9c3ae6000 r--s 00025000 08:01 1836487                    /home/jztech101/.gradle/wrapper/dists/gradle-1.12-all/2650hq37qpph364ivk299q86gl/gradle-1.12/lib/plugins/bcpg-jdk15-1.46.jar
7fe9c3ae6000-7fe9c3ae9000 r--s 00021000 08:01 1836454                    /home/jztech101/.gradle/wrapper/dists/gradle-1.12-all/2650hq37qpph364ivk299q86gl/gradle-1.12/lib/plugins/gradle-signing-1.12.jar
7fe9c3ae9000-7fe9c3aea000 r--s 00002000 08:01 1836486                    /home/jztech101/.gradle/wrapper/dists/gradle-1.12-all/2650hq37qpph364ivk299q86gl/gradle-1.12/lib/plugins/sonar-batch-bootstrapper-2.9.jar
7fe9c3aea000-7fe9c3aeb000 r--s 00007000 08:01 1836485                    /home/jztech101/.gradle/wrapper/dists/gradle-1.12-all/2650hq37qpph364ivk299q86gl/gradle-1.12/lib/plugins/sonar-runner-2.0.jar
7fe9c3aeb000-7fe9c3aee000 r--s 00022000 08:01 1836453                    /home/jztech101/.gradle/wrapper/dists/gradle-1.12-all/2650hq37qpph364ivk299q86gl/gradle-1.12/lib/plugins/gradle-sonar-1.12.jar
7fe9c3aee000-7fe9c3af1000 r--s 0001c000 08:01 1836452                    /home/jztech101/.gradle/wrapper/dists/gradle-1.12-all/2650hq37qpph364ivk299q86gl/gradle-1.12/lib/plugins/gradle-scala-1.12.jar
7fe9c3af1000-7fe9c3af3000 r--s 0000f000 08:01 1836451                    /home/jztech101/.gradle/wrapper/dists/gradle-1.12-all/2650hq37qpph364ivk299q86gl/gradle-1.12/lib/plugins/gradle-announce-1.12.jar
7fe9c3af3000-7fe9c3b00000 r--s 000cf000 08:01 1836450                    /home/jztech101/.gradle/wrapper/dists/gradle-1.12-all/2650hq37qpph364ivk299q86gl/gradle-1.12/lib/plugins/gradle-ide-1.12.jar
7fe9c3b00000-7fe9c3b02000 r--s 00000000 08:01 1836484                    /home/jztech101/.gradle/wrapper/dists/gradle-1.12-all/2650hq37qpph364ivk299q86gl/gradle-1.12/lib/plugins/plexus-component-annotations-1.5.2.jar
7fe9c3b02000-7fe9c3b05000 r--s 0000c000 08:01 1836483                    /home/jztech101/.gradle/wrapper/dists/gradle-1.12-all/2650hq37qpph364ivk299q86gl/gradle-1.12/lib/plugins/pmaven-groovy-0.8-20100325.jar
7fe9c3b05000-7fe9c3b06000 r--s 00004000 08:01 1836482                    /home/jztech101/.gradle/wrapper/dists/gradle-1.12-all/2650hq37qpph364ivk299q86gl/gradle-1.12/lib/plugins/pmaven-common-0.8-20100325.jar
7fe9c3b06000-7fe9c3b0b000 r--s 0001d000 08:01 1836449                    /home/jztech101/.gradle/wrapper/dists/gradle-1.12-all/2650hq37qpph364ivk299q86gl/gradle-1.12/lib/plugins/gradle-maven-1.12.jar
7fe9c3b0b000-7fe9c3b23000 r--s 0013b000 08:01 1836480                    /home/jztech101/.gradle/wrapper/dists/gradle-1.12-all/2650hq37qpph364ivk299q86gl/gradle-1.12/lib/plugins/bndlib-2.1.0.jar
7fe9c3b23000-7fe9c3b24000 r--s 00005000 08:01 1836448                    /home/jztech101/.gradle/wrapper/dists/gradle-1.12-all/2650hq37qpph364ivk299q86gl/gradle-1.12/lib/plugins/gradle-osgi-1.12.jar
7fe9c3b24000-7fe9c3b29000 r--s 00068000 08:01 1836479                    /home/jztech101/.gradle/wrapper/dists/gradle-1.12-all/2650hq37qpph364ivk299q86gl/gradle-1.12/lib/plugins/antlr-2.7.7.jar
7fe9c3b29000-7fe9c3b2a000 r--s 00002000 08:01 1836478                    /home/jztech101/.gradle/wrapper/dists/gradle-1.12-all/2650hq37qpph364ivk299q86gl/gradle-1.12/lib/plugins/ant-antlr-1.9.3.jar
7fe9c3b2a000-7fe9c3b2c000 r--s 00004000 08:01 1836447                    /home/jztech101/.gradle/wrapper/dists/gradle-1.12-all/2650hq37qpph364ivk299q86gl/gradle-1.12/lib/plugins/gradle-antlr-1.12.jar
7fe9c3b2c000-7fe9c3b2f000 r--s 0001e000 08:01 1836499                    /home/jztech101/.gradle/wrapper/dists/gradle-1.12-all/2650hq37qpph364ivk299q86gl/gradle-1.12/lib/plugins/jsp-api-2.1-6.1.14.jar
7fe9c3b2f000-7fe9c3b52000 r--s 00344000 08:01 1836498                    /home/jztech101/.gradle/wrapper/dists/gradle-1.12-all/2650hq37qpph364ivk299q86gl/gradle-1.12/lib/plugins/core-3.1.1.jar
7fe9c3b52000-7fe9c3b53000 r--s 00006000 08:01 1836497                    /home/jztech101/.gradle/wrapper/dists/gradle-1.12-all/2650hq37qpph364ivk299q86gl/gradle-1.12/lib/plugins/jetty-naming-6.1.25.jar
7fe9c3b53000-7fe9c3b54000 r--s 00002000 08:01 1836477                    /home/jztech101/.gradle/wrapper/dists/gradle-1.12-all/2650hq37qpph364ivk299q86gl/gradle-1.12/lib/plugins/geronimo-annotation_1.0_spec-1.0.jar
7fe9c3b54000-7fe9c3b56000 r--s 00002000 08:01 1836476                    /home/jztech101/.gradle/wrapper/dists/gradle-1.12-all/2650hq37qpph364ivk299q86gl/gradle-1.12/lib/plugins/jetty-annotations-6.1.25.jar
7fe9c3b56000-7fe9c3b67000 r--s 000ea000 08:01 1836475                    /home/jztech101/.gradle/wrapper/dists/gradle-1.12-all/2650hq37qpph364ivk299q86gl/gradle-1.12/lib/plugins/jsp-2.1-6.1.14.jar
7fe9c3b67000-7fe9c3b69000 r--s 0000d000 08:01 1836474                    /home/jztech101/.gradle/wrapper/dists/gradle-1.12-all/2650hq37qpph364ivk299q86gl/gradle-1.12/lib/plugins/jetty-plus-6.1.25.jar
7fe9c3b69000-7fe9c3b6b000 r--s 0001f000 08:01 1836473                    /home/jztech101/.gradle/wrapper/dists/gradle-1.12-all/2650hq37qpph364ivk299q86gl/gradle-1.12/lib/plugins/servlet-api-2.5-20081211.jar
7fe9c3b6b000-7fe9c3b6f000 r--s 00028000 08:01 1836472                    /home/jztech101/.gradle/wrapper/dists/gradle-1.12-all/2650hq37qpph364ivk299q86gl/gradle-1.12/lib/plugins/jetty-util-6.1.25.jar
7fe9c3b6f000-7fe9c3b76000 r--s 0007d000 08:01 1836471                    /home/jztech101/.gradle/wrapper/dists/gradle-1.12-all/2650hq37qpph364ivk299q86gl/gradle-1.12/lib/plugins/jetty-6.1.25.jar
7fe9c3b76000-7fe9c3b78000 r--s 00009000 08:01 1836446                    /home/jztech101/.gradle/wrapper/dists/gradle-1.12-all/2650hq37qpph364ivk299q86gl/gradle-1.12/lib/plugins/gradle-jetty-1.12.jar
7fe9c3b78000-7fe9c3b7e000 r--s 0004c000 08:01 1836445                    /home/jztech101/.gradle/wrapper/dists/gradle-1.12-all/2650hq37qpph364ivk299q86gl/gradle-1.12/lib/plugins/gradle-code-quality-1.12.jar
7fe9c3b7e000-7fe9c3b80000 r--s 00009000 08:01 1836503                    /home/jztech101/.gradle/wrapper/dists/gradle-1.12-all/2650hq37qpph364ivk299q86gl/gradle-1.12/lib/plugins/hamcrest-core-1.3.jar
7fe9c3b80000-7fe9c3b86000 r--s 00033000 08:01 1836496                    /home/jztech101/.gradle/wrapper/dists/gradle-1.12-all/2650hq37qpph364ivk299q86gl/gradle-1.12/lib/plugins/snakeyaml-1.6.jar
7fe9c3b86000-7fe9c3b88000 r--s 00006000 08:01 1836495                    /home/jztech101/.gradle/wrapper/dists/gradle-1.12-all/2650hq37qpph364ivk299q86gl/gradle-1.12/lib/plugins/jcommander-1.12.jar
7fe9c3b88000-7fe9c3b8d000 r--s 00040000 08:01 1836494                    /home/jztech101/.gradle/wrapper/dists/gradle-1.12-all/2650hq37qpph364ivk299q86gl/gradle-1.12/lib/plugins/bsh-2.0b4.jar
7fe9c3b8d000-7fe9c3b8f000 r--s 00009000 08:01 1836470                    /home/jztech101/.gradle/wrapper/dists/gradle-1.12-all/2650hq37qpph364ivk299q86gl/gradle-1.12/lib/plugins/commons-cli-1.2.jar
7fe9c3b8f000-7fe9c3b98000 r--s 00089000 08:01 1836469                    /home/jztech101/.gradle/wrapper/dists/gradle-1.12-all/2650hq37qpph364ivk299q86gl/gradle-1.12/lib/plugins/testng-6.3.1.jar
7fe9c3b98000-7fe9c3b9e000 r--s 00036000 08:01 1836468                    /home/jztech101/.gradle/wrapper/dists/gradle-1.12-all/2650hq37qpph364ivk299q86gl/gradle-1.12/lib/plugins/junit-4.11.jar
7fe9c3b9e000-7fe9c3bb0000 r--s 000b4000 08:01 1836444                    /home/jztech101/.gradle/wrapper/dists/gradle-1.12-all/2650hq37qpph364ivk299q86gl/gradle-1.12/lib/plugins/gradle-plugins-1.12.jar
7fe9c3bb0000-7fe9c3bc8000 r--s 00115000 08:01 1836501                    /home/jztech101/.gradle/wrapper/dists/gradle-1.12-all/2650hq37qpph364ivk299q86gl/gradle-1.12/lib/plugins/xercesImpl-2.9.1.jar
7fe9c3bc8000-7fe9c3bd0000 r--s 00028000 08:01 1836502                    /home/jztech101/.gradle/wrapper/dists/gradle-1.12-all/2650hq37qpph364ivk299q86gl/gradle-1.12/lib/plugins/xml-apis-1.3.04.jar
7fe9c3bd0000-7fe9c3bd4000 r--s 0001d000 08:01 1836493                    /home/jztech101/.gradle/wrapper/dists/gradle-1.12-all/2650hq37qpph364ivk299q86gl/gradle-1.12/lib/plugins/xbean-reflect-3.4.jar
7fe9c3bd4000-7fe9c3bd7000 r--s 0001c000 08:01 1836492                    /home/jztech101/.gradle/wrapper/dists/gradle-1.12-all/2650hq37qpph364ivk299q86gl/gradle-1.12/lib/plugins/nekohtml-1.9.14.jar
7fe9c3bd7000-7fe9c3bf0000 r--s 00129000 08:01 1836481                    /home/jztech101/.gradle/wrapper/dists/gradle-1.12-all/2650hq37qpph364ivk299q86gl/gradle-1.12/lib/plugins/maven-ant-tasks-2.1.3.jar
7fe9c3bf0000-7fe9c3bf4000 r--s 0001e000 08:01 1836443                    /home/jztech101/.gradle/wrapper/dists/gradle-1.12-all/2650hq37qpph364ivk299q86gl/gradle-1.12/lib/plugins/jarjar-aether-impl-1.13.1.jar
7fe9c3bf4000-7fe9c3bf7000 r--s 00027000 08:01 1836442                    /home/jztech101/.gradle/wrapper/dists/gradle-1.12-all/2650hq37qpph364ivk299q86gl/gradle-1.12/lib/plugins/jarjar-maven-model-3.0.4.jar
7fe9c3bf7000-7fe9c3bfa000 r--s 0000b000 08:01 1836441                    /home/jztech101/.gradle/wrapper/dists/gradle-1.12-all/2650hq37qpph364ivk299q86gl/gradle-1.12/lib/plugins/jarjar-maven-artifact-3.0.4.jar
7fe9c3bfa000-7fe9c3bfe000 r--s 0001e000 08:01 1836440                    /home/jztech101/.gradle/wrapper/dists/gradle-1.12-all/2650hq37qpph364ivk299q86gl/gradle-1.12/lib/plugins/jarjar-aether-util-1.13.1.jar
7fe9c3bfe000-7fe9c3c00000 r--s 00007000 08:01 1836439                    /home/jztech101/.gradle/wrapper/dists/gradle-1.12-all/2650hq37qpph364ivk299q86gl/gradle-1.12/lib/plugins/jarjar-wagon-http-shared4-2.4.jar
7fe9c3c00000-7fe9c3c0d000 r--s 00083000 08:01 1836438                    /home/jztech101/.gradle/wrapper/dists/gradle-1.12-all/2650hq37qpph364ivk299q86gl/gradle-1.12/lib/plugins/jarjar-maven-core-3.0.4.jar
7fe9c3c0d000-7fe9c3c0f000 r--s 00003000 08:01 1836437                    /home/jztech101/.gradle/wrapper/dists/gradle-1.12-all/2650hq37qpph364ivk299q86gl/gradle-1.12/lib/plugins/jarjar-aether-spi-1.13.1.jar
7fe9c3c0f000-7fe9c3c11000 r--s 00009000 08:01 1836436                    /home/jztech101/.gradle/wrapper/dists/gradle-1.12-all/2650hq37qpph364ivk299q86gl/gradle-1.12/lib/plugins/jarjar-maven-settings-builder-3.0.4.jar
7fe9c3c11000-7fe9c3c15000 r--s 00014000 08:01 1836435                    /home/jztech101/.gradle/wrapper/dists/gradle-1.12-all/2650hq37qpph364ivk299q86gl/gradle-1.12/lib/plugins/jarjar-aether-api-1.13.1.jar
7fe9c3c15000-7fe9c3c16000 r--s 00002000 08:01 1836434                    /home/jztech101/.gradle/wrapper/dists/gradle-1.12-all/2650hq37qpph364ivk299q86gl/gradle-1.12/lib/plugins/jarjar-wagon-http-2.4.jar
7fe9c3c16000-7fe9c3c1d000 r--s 00042000 08:01 1836433                    /home/jztech101/.gradle/wrapper/dists/gradle-1.12-all/2650hq37qpph364ivk299q86gl/gradle-1.12/lib/plugins/jarjar-maven-compat-3.0.4.jar
7fe9c3c1d000-7fe9c3c1f000 r--s 00006000 08:01 1836432                    /home/jztech101/.gradle/wrapper/dists/gradle-1.12-all/2650hq37qpph364ivk299q86gl/gradle-1.12/lib/plugins/jarjar-aether-connector-wagon-1.13.1.jar
7fe9c3c1f000-7fe9c3c21000 r--s 00000000 08:01 1836431                    /home/jztech101/.gradle/wrapper/dists/gradle-1.12-all/2650hq37qpph364ivk299q86gl/gradle-1.12/lib/plugins/jarjar-plexus-component-annotations-1.5.5.jar
7fe9c3c21000-7fe9c3c23000 r--s 00006000 08:01 1836430                    /home/jztech101/.gradle/wrapper/dists/gradle-1.12-all/2650hq37qpph364ivk299q86gl/gradle-1.12/lib/plugins/jarjar-plexus-sec-dispatcher-1.3.jar
7fe9c3c23000-7fe9c3c28000 r--s 00022000 08:01 1836429                    /home/jztech101/.gradle/wrapper/dists/gradle-1.12-all/2650hq37qpph364ivk299q86gl/gradle-1.12/lib/plugins/jarjar-maven-model-builder-3.0.4.jar
7fe9c3c28000-7fe9c3c2a000 r--s 0000b000 08:01 1836428                    /home/jztech101/.gradle/wrapper/dists/gradle-1.12-all/2650hq37qpph364ivk299q86gl/gradle-1.12/lib/plugins/jarjar-maven-plugin-api-3.0.4.jar
7fe9c3c2a000-7fe9c3c2d000 r--s 0000a000 08:01 1836427                    /home/jztech101/.gradle/wrapper/dists/gradle-1.12-all/2650hq37qpph364ivk299q86gl/gradle-1.12/lib/plugins/jarjar-plexus-classworlds-2.4.jar
7fe9c3c2d000-7fe9c3c31000 r--s 00035000 08:01 1836426                    /home/jztech101/.gradle/wrapper/dists/gradle-1.12-all/2650hq37qpph364ivk299q86gl/gradle-1.12/lib/plugins/jarjar-plexus-utils-2.0.6.jar
7fe9c3c31000-7fe9c3c33000 r--s 0000e000 08:01 1836425                    /home/jztech101/.gradle/wrapper/dists/gradle-1.12-all/2650hq37qpph364ivk299q86gl/gradle-1.12/lib/plugins/jarjar-plexus-interpolation-1.14.jar
7fe9c3c33000-7fe9c3c35000 r--s 00002000 08:01 1836424                    /home/jztech101/.gradle/wrapper/dists/gradle-1.12-all/2650hq37qpph364ivk299q86gl/gradle-1.12/lib/plugins/jarjar-plexus-cipher-1.7.jar
7fe9c3c35000-7fe9c3c37000 r--s 0000c000 08:01 1836423                    /home/jztech101/.gradle/wrapper/dists/gradle-1.12-all/2650hq37qpph364ivk299q86gl/gradle-1.12/lib/plugins/jarjar-wagon-provider-api-2.4.jar
7fe9c3c37000-7fe9c3c39000 r--s 0000d000 08:01 1836422                    /home/jztech101/.gradle/wrapper/dists/gradle-1.12-all/2650hq37qpph364ivk299q86gl/gradle-1.12/lib/plugins/jarjar-maven-aether-provider-3.0.4.jar
7fe9c3c39000-7fe9c3c41000 r--s 00031000 08:01 1836421                    /home/jztech101/.gradle/wrapper/dists/gradle-1.12-all/2650hq37qpph364ivk299q86gl/gradle-1.12/lib/plugins/jarjar-plexus-container-default-1.5.5.jar
7fe9c3c41000-7fe9c3c42000 r--s 00007000 08:01 1836420                    /home/jztech101/.gradle/wrapper/dists/gradle-1.12-all/2650hq37qpph364ivk299q86gl/gradle-1.12/lib/plugins/jarjar-maven-repository-metadata-3.0.4.jar
7fe9c3c42000-7fe9c3c43000 r--s 0000b000 08:01 1836419                    /home/jztech101/.gradle/wrapper/dists/gradle-1.12-all/2650hq37qpph364ivk299q86gl/gradle-1.12/lib/plugins/jarjar-maven-settings-3.0.4.jar
7fe9c3c43000-7fe9c3c5b000 r--s 000b2000 08:01 1836467                    /home/jztech101/.gradle/wrapper/dists/gradle-1.12-all/2650hq37qpph364ivk299q86gl/gradle-1.12/lib/plugins/gradle-core-impl-1.12.jar
7fe9c3c5b000-7fe9c3c66000 r--s 0021a000 08:01 1975327                    /home/jztech101/jdk/jre/lib/ext/localedata.jar
7fe9c3c66000-7fe9c3c82000 r--s 00393000 08:01 1975321                    /home/jztech101/jdk/jre/lib/ext/cldrdata.jar
7fe9c3c82000-7fe9c3c83000 r--s 00005000 08:01 1836355                    /home/jztech101/.gradle/wrapper/dists/gradle-1.12-all/2650hq37qpph364ivk299q86gl/gradle-1.12/lib/gradle-wrapper-1.12.jar
7fe9c3c83000-7fe9c3c8b000 r--s 0002a000 08:01 1836360                    /home/jztech101/.gradle/wrapper/dists/gradle-1.12-all/2650hq37qpph364ivk299q86gl/gradle-1.12/lib/gradle-tooling-api-1.12.jar
7fe9c3c8b000-7fe9c3c8d000 r--s 00005000 08:01 1836385                    /home/jztech101/.gradle/wrapper/dists/gradle-1.12-all/2650hq37qpph364ivk299q86gl/gradle-1.12/lib/gradle-open-api-1.12.jar
7fe9c3c8d000-7fe9c3c93000 r--s 00032000 08:01 1836387                    /home/jztech101/.gradle/wrapper/dists/gradle-1.12-all/2650hq37qpph364ivk299q86gl/gradle-1.12/lib/jaxen-1.1.jar
7fe9c3c93000-7fe9c3c98000 r--s 00048000 08:01 1836386                    /home/jztech101/.gradle/wrapper/dists/gradle-1.12-all/2650hq37qpph364ivk299q86gl/gradle-1.12/lib/dom4j-1.6.1.jar
7fe9c3c98000-7fe9c3ca3000 r--s 0005b000 08:01 1836359                    /home/jztech101/.gradle/wrapper/dists/gradle-1.12-all/2650hq37qpph364ivk299q86gl/gradle-1.12/lib/gradle-ui-1.12.jar
7fe9c3ca3000-7fe9c3ca5000 r--s 00007000 08:01 1836413                    /home/jztech101/.gradle/wrapper/dists/gradle-1.12-all/2650hq37qpph364ivk299q86gl/gradle-1.12/lib/objenesis-1.2.jar
7fe9c3ca5000-7fe9c3ca7000 r--s 00000000 08:01 1836412                    /home/jztech101/.gradle/wrapper/dists/gradle-1.12-all/2650hq37qpph364ivk299q86gl/gradle-1.12/lib/minlog-1.2.jar
7fe9c3ca7000-7fe9c3ca9000 r--s 0000f000 08:01 1836411                    /home/jztech101/.gradle/wrapper/dists/gradle-1.12-all/2650hq37qpph364ivk299q86gl/gradle-1.12/lib/reflectasm-1.07-shaded.jar
7fe9c3ca9000-7fe9c3cab000 r--s 0000a000 08:01 1836417                    /home/jztech101/.gradle/wrapper/dists/gradle-1.12-all/2650hq37qpph364ivk299q86gl/gradle-1.12/lib/asm-4.0.jar
7fe9c3cab000-7fe9c3caf000 r--s 00026000 08:01 1836400                    /home/jztech101/.gradle/wrapper/dists/gradle-1.12-all/2650hq37qpph364ivk299q86gl/gradle-1.12/lib/kryo-2.20.jar
7fe9c3caf000-7fe9c3cb7000 r--s 00037000 08:01 1836381                    /home/jztech101/.gradle/wrapper/dists/gradle-1.12-all/2650hq37qpph364ivk299q86gl/gradle-1.12/lib/gradle-messaging-1.12.jar
7fe9c3cb7000-7fe9c3cb8000 r--s 00003000 08:01 1836408                    /home/jztech101/.gradle/wrapper/dists/gradle-1.12-all/2650hq37qpph364ivk299q86gl/gradle-1.12/lib/native-platform-freebsd-amd64-0.10.jar
7fe9c3cb8000-7fe9c3cb9000 r--s 00003000 08:01 1836407                    /home/jztech101/.gradle/wrapper/dists/gradle-1.12-all/2650hq37qpph364ivk299q86gl/gradle-1.12/lib/native-platform-freebsd-i386-0.10.jar
7fe9c3cb9000-7fe9c3cba000 r--s 00005000 08:01 1836406                    /home/jztech101/.gradle/wrapper/dists/gradle-1.12-all/2650hq37qpph364ivk299q86gl/gradle-1.12/lib/native-platform-windows-i386-0.10.jar
7fe9c3cba000-7fe9c3cbb000 r--s 00005000 08:01 1836405                    /home/jztech101/.gradle/wrapper/dists/gradle-1.12-all/2650hq37qpph364ivk299q86gl/gradle-1.12/lib/native-platform-windows-amd64-0.10.jar
7fe9c3cbb000-7fe9c3cbc000 r--s 00003000 08:01 1836404                    /home/jztech101/.gradle/wrapper/dists/gradle-1.12-all/2650hq37qpph364ivk299q86gl/gradle-1.12/lib/native-platform-linux-i386-0.10.jar
7fe9c3cbc000-7fe9c3cbd000 r--s 00003000 08:01 1836403                    /home/jztech101/.gradle/wrapper/dists/gradle-1.12-all/2650hq37qpph364ivk299q86gl/gradle-1.12/lib/native-platform-linux-amd64-0.10.jar
7fe9c3cbd000-7fe9c3cbe000 r--s 00002000 08:01 1836402                    /home/jztech101/.gradle/wrapper/dists/gradle-1.12-all/2650hq37qpph364ivk299q86gl/gradle-1.12/lib/native-platform-osx-amd64-0.10.jar
7fe9c3cbe000-7fe9c3cbf000 r--s 00002000 08:01 1836401                    /home/jztech101/.gradle/wrapper/dists/gradle-1.12-all/2650hq37qpph364ivk299q86gl/gradle-1.12/lib/native-platform-osx-i386-0.10.jar
7fe9c3cbf000-7fe9c3cc1000 r--s 00008000 08:01 1836391                    /home/jztech101/.gradle/wrapper/dists/gradle-1.12-all/2650hq37qpph364ivk299q86gl/gradle-1.12/lib/jansi-1.2.1.jar
7fe9c3cc1000-7fe9c3cc4000 r--s 00013000 08:01 1836390                    /home/jztech101/.gradle/wrapper/dists/gradle-1.12-all/2650hq37qpph364ivk299q86gl/gradle-1.12/lib/jna-posix-1.0.3.jar
7fe9c3cc4000-7fe9c3cc7000 r--s 0000d000 08:01 1836389                    /home/jztech101/.gradle/wrapper/dists/gradle-1.12-all/2650hq37qpph364ivk299q86gl/gradle-1.12/lib/native-platform-0.10.jar
7fe9c3cc7000-7fe9c3ccb000 r--s 000e4000 08:01 1836388                    /home/jztech101/.gradle/wrapper/dists/gradle-1.12-all/2650hq37qpph364ivk299q86gl/gradle-1.12/lib/jna-3.2.7.jar
7fe9c3ccb000-7fe9c3ccd000 r--s 00009000 08:01 1836361                    /home/jztech101/.gradle/wrapper/dists/gradle-1.12-all/2650hq37qpph364ivk299q86gl/gradle-1.12/lib/gradle-native-1.12.jar
7fe9c3ccd000-7fe9c3cce000 r--s 00006000 08:01 1836358                    /home/jztech101/.gradle/wrapper/dists/gradle-1.12-all/2650hq37qpph364ivk299q86gl/gradle-1.12/lib/gradle-cli-1.12.jar
7fe9c3cce000-7fe9c3ccf000 r--s 00000000 08:01 1836366                    /home/jztech101/.gradle/wrapper/dists/gradle-1.12-all/2650hq37qpph364ivk299q86gl/gradle-1.12/lib/gradle-resources-1.12.jar
7fe9c3ccf000-7fe9c3cd1000 r--s 00000000 08:01 1836365                    /home/jztech101/.gradle/wrapper/dists/gradle-1.12-all/2650hq37qpph364ivk299q86gl/gradle-1.12/lib/gradle-base-services-groovy-1.12.jar
7fe9c3cd1000-7fe9c3cd2000 r--s 00000000 08:01 1836382                    /home/jztech101/.gradle/wrapper/dists/gradle-1.12-all/2650hq37qpph364ivk299q86gl/gradle-1.12/lib/gradle-docs-1.12.jar
7fe9c3cd2000-7fe9c3cd8000 r--s 0005b000 08:01 1836399                    /home/jztech101/.gradle/wrapper/dists/gradle-1.12-all/2650hq37qpph364ivk299q86gl/gradle-1.12/lib/jcifs-1.3.17.jar
7fe9c3cd8000-7fe9c3cde000 r--s 00031000 08:01 1836398                    /home/jztech101/.gradle/wrapper/dists/gradle-1.12-all/2650hq37qpph364ivk299q86gl/gradle-1.12/lib/httpcore-4.2.2.jar
7fe9c3cde000-7fe9c3ce4000 r--s 00033000 08:01 1836397                    /home/jztech101/.gradle/wrapper/dists/gradle-1.12-all/2650hq37qpph364ivk299q86gl/gradle-1.12/lib/commons-codec-1.6.jar
7fe9c3ce4000-7fe9c3ce6000 r--s 00026000 08:01 1836396                    /home/jztech101/.gradle/wrapper/dists/gradle-1.12-all/2650hq37qpph364ivk299q86gl/gradle-1.12/lib/http-builder-0.6.jar
7fe9c3ce6000-7fe9c3ce8000 r--s 00013000 08:01 1836410                    /home/jztech101/.gradle/wrapper/dists/gradle-1.12-all/2650hq37qpph364ivk299q86gl/gradle-1.12/lib/xml-resolver-1.2.jar
7fe9c3ce8000-7fe9c3cec000 r--s 00022000 08:01 1836409                    /home/jztech101/.gradle/wrapper/dists/gradle-1.12-all/2650hq37qpph364ivk299q86gl/gradle-1.12/lib/json-lib-2.3-jdk15.jar
7fe9c3cec000-7fe9c3cef000 r--s 00013000 08:01 1836416                    /home/jztech101/.gradle/wrapper/dists/gradle-1.12-all/2650hq37qpph364ivk299q86gl/gradle-1.12/lib/ezmorph-1.0.6.jar
7fe9c3cef000-7fe9c3cf4000 r--s 00034000 08:01 1836414                    /home/jztech101/.gradle/wrapper/dists/gradle-1.12-all/2650hq37qpph364ivk299q86gl/gradle-1.12/lib/commons-beanutils-1.8.0.jar
7fe9c3cf4000-7fe9c3cf6000 r--s 0000d000 08:01 1836415                    /home/jztech101/.gradle/wrapper/dists/gradle-1.12-all/2650hq37qpph364ivk299q86gl/gradle-1.12/lib/commons-logging-1.1.1.jar
7fe9c3cf6000-7fe9c3cf7000 r--s 00001000 08:01 1836395                    /home/jztech101/.gradle/wrapper/dists/gradle-1.12-all/2650hq37qpph364ivk299q86gl/gradle-1.12/lib/bintray-client-java-api-0.1.0.jar
7fe9c3cf7000-7fe9c3d06000 r--s 0007f000 08:01 1836394                    /home/jztech101/.gradle/wrapper/dists/gradle-1.12-all/2650hq37qpph364ivk299q86gl/gradle-1.12/lib/joda-time-2.3.jar
7fe9c3d06000-7fe9c3d0a000 r--s 0003d000 08:01 1836393                    /home/jztech101/.gradle/wrapper/dists/gradle-1.12-all/2650hq37qpph364ivk299q86gl/gradle-1.12/lib/jsch-0.1.51.jar
7fe9c3d0a000-7fe9c3d0c000 r--s 00003000 08:01 1836384                    /home/jztech101/.gradle/wrapper/dists/gradle-1.12-all/2650hq37qpph364ivk299q86gl/gradle-1.12/lib/jcl-over-slf4j-1.7.5.jar
7fe9c3d0c000-7fe9c3d0e000 r--s 00004000 08:01 1836383                    /home/jztech101/.gradle/wrapper/dists/gradle-1.12-all/2650hq37qpph364ivk299q86gl/gradle-1.12/lib/log4j-over-slf4j-1.7.5.jar
7fe9c3d0e000-7fe9c3d17000 r--s 00060000 08:01 1836380                    /home/jztech101/.gradle/wrapper/dists/gradle-1.12-all/2650hq37qpph364ivk299q86gl/gradle-1.12/lib/httpclient-4.2.2.jar
7fe9c3d17000-7fe9c3d18000 r--s 00009000 08:01 1836379                    /home/jztech101/.gradle/wrapper/dists/gradle-1.12-all/2650hq37qpph364ivk299q86gl/gradle-1.12/lib/bintray-client-java-impl-0.1.0.jar
7fe9c3d18000-7fe9c3d19000 r--s 00000000 08:01 1836378                    /home/jztech101/.gradle/wrapper/dists/gradle-1.12-all/2650hq37qpph364ivk299q86gl/gradle-1.12/lib/javax.inject-1.jar
7fe9c3d19000-7fe9c3d1c000 r--s 0001b000 08:01 1836377                    /home/jztech101/.gradle/wrapper/dists/gradle-1.12-all/2650hq37qpph364ivk299q86gl/gradle-1.12/lib/jarjar-1.3.jar
7fe9c3d1c000-7fe9c3d1d000 r--s 00001000 08:01 1836376                    /home/jztech101/.gradle/wrapper/dists/gradle-1.12-all/2650hq37qpph364ivk299q86gl/gradle-1.12/lib/jul-to-slf4j-1.7.5.jar
7fe9c3d1d000-7fe9c3d23000 r--s 0003b000 08:01 1836374                    /home/jztech101/.gradle/wrapper/dists/gradle-1.12-all/2650hq37qpph364ivk299q86gl/gradle-1.12/lib/logback-classic-1.0.13.jar
7fe9c3d23000-7fe9c3d2d000 r--s 0005d000 08:01 1836373                    /home/jztech101/.gradle/wrapper/dists/gradle-1.12-all/2650hq37qpph364ivk299q86gl/gradle-1.12/lib/logback-core-1.0.13.jar
7fe9c3d2d000-7fe9c3d3c000 r--s 000d9000 08:01 1836372                    /home/jztech101/.gradle/wrapper/dists/gradle-1.12-all/2650hq37qpph364ivk299q86gl/gradle-1.12/lib/ivy-2.2.0.jar
7fe9c3d3c000-7fe9c3d41000 r--s 00041000 08:01 1836371                    /home/jztech101/.gradle/wrapper/dists/gradle-1.12-all/2650hq37qpph364ivk299q86gl/gradle-1.12/lib/commons-lang-2.6.jar
7fe9c3d41000-7fe9c3d44000 r--s 00018000 08:01 1836370                    /home/jztech101/.gradle/wrapper/dists/gradle-1.12-all/2650hq37qpph364ivk299q86gl/gradle-1.12/lib/commons-io-1.4.jar
7fe9c3d44000-7fe9c3d52000 r--s 0007f000 08:01 1836369                    /home/jztech101/.gradle/wrapper/dists/gradle-1.12-all/2650hq37qpph364ivk299q86gl/gradle-1.12/lib/commons-collections-3.2.1.jar
7fe9c3d52000-7fe9c3d57000 r--s 00035000 08:01 1836367                    /home/jztech101/.gradle/wrapper/dists/gradle-1.12-all/2650hq37qpph364ivk299q86gl/gradle-1.12/lib/asm-all-5.0_BETA.jar
7fe9c3d57000-7fe9c3db3000 r--s 00586000 08:01 1836364                    /home/jztech101/.gradle/wrapper/dists/gradle-1.12-all/2650hq37qpph364ivk299q86gl/gradle-1.12/lib/groovy-all-1.8.6.jar
7fe9c3db3000-7fe9c3dda000 r--s 001c3000 08:01 1836363                    /home/jztech101/.gradle/wrapper/dists/gradle-1.12-all/2650hq37qpph364ivk299q86gl/gradle-1.12/lib/guava-jdk5-14.0.1.jar
7fe9c3dda000-7fe9c3df9000 r--s 001cc000 08:01 1836368                    /home/jztech101/.gradle/wrapper/dists/gradle-1.12-all/2650hq37qpph364ivk299q86gl/gradle-1.12/lib/ant-1.9.3.jar
7fe9c3df9000-7fe9c3dfe000 r--s 00024000 08:01 1836356                    /home/jztech101/.gradle/wrapper/dists/gradle-1.12-all/2650hq37qpph364ivk299q86gl/gradle-1.12/lib/gradle-base-services-1.12.jar
7fe9c3dfe000-7fe9c3e2e000 r--s 00191000 08:01 1836357                    /home/jztech101/.gradle/wrapper/dists/gradle-1.12-all/2650hq37qpph364ivk299q86gl/gradle-1.12/lib/gradle-core-1.12.jar
7fe9c3e2e000-7fe9c3e2f000 ---p 00000000 00:00 0 
7fe9c3e2f000-7fe9c3f2f000 rw-p 00000000 00:00 0                          [stack:5638]
7fe9c3f2f000-7fe9c3f32000 ---p 00000000 00:00 0 
7fe9c3f32000-7fe9c4030000 rw-p 00000000 00:00 0                          [stack:5637]
7fe9c4030000-7fe9c4033000 ---p 00000000 00:00 0 
7fe9c4033000-7fe9c4131000 rw-p 00000000 00:00 0                          [stack:5636]
7fe9c4131000-7fe9c4134000 ---p 00000000 00:00 0 
7fe9c4134000-7fe9c4232000 rw-p 00000000 00:00 0                          [stack:5635]
7fe9c4232000-7fe9c4235000 ---p 00000000 00:00 0 
7fe9c4235000-7fe9c4333000 rw-p 00000000 00:00 0                          [stack:5634]
7fe9c4333000-7fe9c4372000 r--p 00000000 08:01 1708182                    /usr/lib/locale/wo_SN/LC_CTYPE
7fe9c4372000-7fe9c4490000 r--p 00000000 08:01 1708181                    /usr/lib/locale/wo_SN/LC_COLLATE
7fe9c4490000-7fe9c4493000 ---p 00000000 00:00 0 
7fe9c4493000-7fe9c4591000 rw-p 00000000 00:00 0                          [stack:5629]
7fe9c4591000-7fe9c4594000 ---p 00000000 00:00 0 
7fe9c4594000-7fe9c4692000 rw-p 00000000 00:00 0                          [stack:5628]
7fe9c4692000-7fe9c4693000 ---p 00000000 00:00 0 
7fe9c4693000-7fe9c4793000 rw-p 00000000 00:00 0                          [stack:5627]
7fe9c4793000-7fe9c4968000 r--s 03c4d000 08:01 1975268                    /home/jztech101/jdk/jre/lib/rt.jar
7fe9c4968000-7fe9c51de000 rw-p 00000000 00:00 0 
7fe9c51de000-7fe9c51ee000 rw-p 00000000 00:00 0 
7fe9c51ee000-7fe9c5334000 ---p 00000000 00:00 0 
7fe9c5334000-7fe9c533c000 rw-p 00000000 00:00 0 
7fe9c533c000-7fe9c53de000 ---p 00000000 00:00 0 
7fe9c53de000-7fe9c53ef000 rw-p 00000000 00:00 0 
7fe9c53ef000-7fe9c5534000 ---p 00000000 00:00 0 
7fe9c5534000-7fe9c5564000 rw-p 00000000 00:00 0 
7fe9c5564000-7fe9c58f5000 ---p 00000000 00:00 0 
7fe9c58f5000-7fe9c6485000 rwxp 00000000 00:00 0 
7fe9c6485000-7fe9d48f5000 ---p 00000000 00:00 0 
7fe9d48f5000-7fe9d4911000 r-xp 00000000 08:01 2097201                    /home/jztech101/jdk/jre/lib/amd64/libzip.so
7fe9d4911000-7fe9d4b10000 ---p 0001c000 08:01 2097201                    /home/jztech101/jdk/jre/lib/amd64/libzip.so
7fe9d4b10000-7fe9d4b11000 rw-p 0001b000 08:01 2097201                    /home/jztech101/jdk/jre/lib/amd64/libzip.so
7fe9d4b11000-7fe9d4b1c000 r-xp 00000000 08:01 525454                     /lib/x86_64-linux-gnu/libnss_files-2.13.so
7fe9d4b1c000-7fe9d4d1b000 ---p 0000b000 08:01 525454                     /lib/x86_64-linux-gnu/libnss_files-2.13.so
7fe9d4d1b000-7fe9d4d1c000 r--p 0000a000 08:01 525454                     /lib/x86_64-linux-gnu/libnss_files-2.13.so
7fe9d4d1c000-7fe9d4d1d000 rw-p 0000b000 08:01 525454                     /lib/x86_64-linux-gnu/libnss_files-2.13.so
7fe9d4d1d000-7fe9d4d27000 r-xp 00000000 08:01 525458                     /lib/x86_64-linux-gnu/libnss_nis-2.13.so
7fe9d4d27000-7fe9d4f26000 ---p 0000a000 08:01 525458                     /lib/x86_64-linux-gnu/libnss_nis-2.13.so
7fe9d4f26000-7fe9d4f27000 r--p 00009000 08:01 525458                     /lib/x86_64-linux-gnu/libnss_nis-2.13.so
7fe9d4f27000-7fe9d4f28000 rw-p 0000a000 08:01 525458                     /lib/x86_64-linux-gnu/libnss_nis-2.13.so
7fe9d4f28000-7fe9d4f3d000 r-xp 00000000 08:01 525448                     /lib/x86_64-linux-gnu/libnsl-2.13.so
7fe9d4f3d000-7fe9d513c000 ---p 00015000 08:01 525448                     /lib/x86_64-linux-gnu/libnsl-2.13.so
7fe9d513c000-7fe9d513d000 r--p 00014000 08:01 525448                     /lib/x86_64-linux-gnu/libnsl-2.13.so
7fe9d513d000-7fe9d513e000 rw-p 00015000 08:01 525448                     /lib/x86_64-linux-gnu/libnsl-2.13.so
7fe9d513e000-7fe9d5140000 rw-p 00000000 00:00 0 
7fe9d5140000-7fe9d5147000 r-xp 00000000 08:01 525450                     /lib/x86_64-linux-gnu/libnss_compat-2.13.so
7fe9d5147000-7fe9d5346000 ---p 00007000 08:01 525450                     /lib/x86_64-linux-gnu/libnss_compat-2.13.so
7fe9d5346000-7fe9d5347000 r--p 00006000 08:01 525450                     /lib/x86_64-linux-gnu/libnss_compat-2.13.so
7fe9d5347000-7fe9d5348000 rw-p 00007000 08:01 525450                     /lib/x86_64-linux-gnu/libnss_compat-2.13.so
7fe9d5348000-7fe9d5372000 r-xp 00000000 08:01 2097196                    /home/jztech101/jdk/jre/lib/amd64/libjava.so
7fe9d5372000-7fe9d5572000 ---p 0002a000 08:01 2097196                    /home/jztech101/jdk/jre/lib/amd64/libjava.so
7fe9d5572000-7fe9d5574000 rw-p 0002a000 08:01 2097196                    /home/jztech101/jdk/jre/lib/amd64/libjava.so
7fe9d5574000-7fe9d5581000 r-xp 00000000 08:01 2097200                    /home/jztech101/jdk/jre/lib/amd64/libverify.so
7fe9d5581000-7fe9d5781000 ---p 0000d000 08:01 2097200                    /home/jztech101/jdk/jre/lib/amd64/libverify.so
7fe9d5781000-7fe9d5783000 rw-p 0000d000 08:01 2097200                    /home/jztech101/jdk/jre/lib/amd64/libverify.so
7fe9d5783000-7fe9d578a000 r-xp 00000000 08:01 525491                     /lib/x86_64-linux-gnu/librt-2.13.so
7fe9d578a000-7fe9d5989000 ---p 00007000 08:01 525491                     /lib/x86_64-linux-gnu/librt-2.13.so
7fe9d5989000-7fe9d598a000 r--p 00006000 08:01 525491                     /lib/x86_64-linux-gnu/librt-2.13.so
7fe9d598a000-7fe9d598b000 rw-p 00007000 08:01 525491                     /lib/x86_64-linux-gnu/librt-2.13.so
7fe9d598b000-7fe9d5a0c000 r-xp 00000000 08:01 525429                     /lib/x86_64-linux-gnu/libm-2.13.so
7fe9d5a0c000-7fe9d5c0b000 ---p 00081000 08:01 525429                     /lib/x86_64-linux-gnu/libm-2.13.so
7fe9d5c0b000-7fe9d5c0c000 r--p 00080000 08:01 525429                     /lib/x86_64-linux-gnu/libm-2.13.so
7fe9d5c0c000-7fe9d5c0d000 rw-p 00081000 08:01 525429                     /lib/x86_64-linux-gnu/libm-2.13.so
7fe9d5c0d000-7fe9d6827000 r-xp 00000000 08:01 2097182                    /home/jztech101/jdk/jre/lib/amd64/server/libjvm.so
7fe9d6827000-7fe9d6a26000 ---p 00c1a000 08:01 2097182                    /home/jztech101/jdk/jre/lib/amd64/server/libjvm.so
7fe9d6a26000-7fe9d6aef000 rw-p 00c19000 08:01 2097182                    /home/jztech101/jdk/jre/lib/amd64/server/libjvm.so
7fe9d6aef000-7fe9d6b30000 rw-p 00000000 00:00 0 
7fe9d6b30000-7fe9d6cb2000 r-xp 00000000 08:01 525382                     /lib/x86_64-linux-gnu/libc-2.13.so
7fe9d6cb2000-7fe9d6eb1000 ---p 00182000 08:01 525382                     /lib/x86_64-linux-gnu/libc-2.13.so
7fe9d6eb1000-7fe9d6eb5000 r--p 00181000 08:01 525382                     /lib/x86_64-linux-gnu/libc-2.13.so
7fe9d6eb5000-7fe9d6eb6000 rw-p 00185000 08:01 525382                     /lib/x86_64-linux-gnu/libc-2.13.so
7fe9d6eb6000-7fe9d6ebb000 rw-p 00000000 00:00 0 
7fe9d6ebb000-7fe9d6ebd000 r-xp 00000000 08:01 525396                     /lib/x86_64-linux-gnu/libdl-2.13.so
7fe9d6ebd000-7fe9d70bd000 ---p 00002000 08:01 525396                     /lib/x86_64-linux-gnu/libdl-2.13.so
7fe9d70bd000-7fe9d70be000 r--p 00002000 08:01 525396                     /lib/x86_64-linux-gnu/libdl-2.13.so
7fe9d70be000-7fe9d70bf000 rw-p 00003000 08:01 525396                     /lib/x86_64-linux-gnu/libdl-2.13.so
7fe9d70bf000-7fe9d70d6000 r-xp 00000000 08:01 1975089                    /home/jztech101/jdk/lib/amd64/jli/libjli.so
7fe9d70d6000-7fe9d72d5000 ---p 00017000 08:01 1975089                    /home/jztech101/jdk/lib/amd64/jli/libjli.so
7fe9d72d5000-7fe9d72d6000 rw-p 00016000 08:01 1975089                    /home/jztech101/jdk/lib/amd64/jli/libjli.so
7fe9d72d6000-7fe9d72ed000 r-xp 00000000 08:01 525483                     /lib/x86_64-linux-gnu/libpthread-2.13.so
7fe9d72ed000-7fe9d74ec000 ---p 00017000 08:01 525483                     /lib/x86_64-linux-gnu/libpthread-2.13.so
7fe9d74ec000-7fe9d74ed000 r--p 00016000 08:01 525483                     /lib/x86_64-linux-gnu/libpthread-2.13.so
7fe9d74ed000-7fe9d74ee000 rw-p 00017000 08:01 525483                     /lib/x86_64-linux-gnu/libpthread-2.13.so
7fe9d74ee000-7fe9d74f2000 rw-p 00000000 00:00 0 
7fe9d74f2000-7fe9d7512000 r-xp 00000000 08:01 525358                     /lib/x86_64-linux-gnu/ld-2.13.so
7fe9d7512000-7fe9d7513000 r--s 00000000 08:01 1836375                    /home/jztech101/.gradle/wrapper/dists/gradle-1.12-all/2650hq37qpph364ivk299q86gl/gradle-1.12/lib/jcip-annotations-1.0.jar
7fe9d7513000-7fe9d7515000 r--s 00005000 08:01 1836362                    /home/jztech101/.gradle/wrapper/dists/gradle-1.12-all/2650hq37qpph364ivk299q86gl/gradle-1.12/lib/slf4j-api-1.7.5.jar
7fe9d7515000-7fe9d7516000 r--s 00004000 08:01 1836392                    /home/jztech101/.gradle/wrapper/dists/gradle-1.12-all/2650hq37qpph364ivk299q86gl/gradle-1.12/lib/ant-launcher-1.9.3.jar
7fe9d7516000-7fe9d751d000 r--s 00037000 08:01 1836354                    /home/jztech101/.gradle/wrapper/dists/gradle-1.12-all/2650hq37qpph364ivk299q86gl/gradle-1.12/lib/gradle-launcher-1.12.jar
7fe9d751d000-7fe9d75ef000 rw-p 00000000 00:00 0 
7fe9d75ef000-7fe9d75f2000 ---p 00000000 00:00 0 
7fe9d75f2000-7fe9d76f4000 rw-p 00000000 00:00 0                          [stack:5626]
7fe9d76f4000-7fe9d76f5000 r--p 00000000 08:01 1707321                    /usr/lib/locale/sid_ET/LC_NUMERIC
7fe9d76f5000-7fe9d76f6000 r--p 00000000 08:01 1704230                    /usr/lib/locale/en_US.utf8/LC_TIME
7fe9d76f6000-7fe9d76f7000 r--p 00000000 08:01 1704225                    /usr/lib/locale/en_US.utf8/LC_MONETARY
7fe9d76f7000-7fe9d76f8000 r--p 00000000 08:01 1704224                    /usr/lib/locale/en_US.utf8/LC_MESSAGES/SYS_LC_MESSAGES
7fe9d76f8000-7fe9d76f9000 r--p 00000000 08:01 1707882                    /usr/lib/locale/tl_PH.utf8/LC_PAPER
7fe9d76f9000-7fe9d76fa000 r--p 00000000 08:01 1580063                    /usr/lib/locale/cy_GB.utf8/LC_NAME
7fe9d76fa000-7fe9d76fb000 r--p 00000000 08:01 1704218                    /usr/lib/locale/en_US.utf8/LC_ADDRESS
7fe9d76fb000-7fe9d76fc000 r--p 00000000 08:01 1707883                    /usr/lib/locale/tl_PH.utf8/LC_TELEPHONE
7fe9d76fc000-7fe9d76fd000 r--p 00000000 08:01 1580395                    /usr/lib/locale/en_AG/LC_MEASUREMENT
7fe9d76fd000-7fe9d7704000 r--s 00000000 08:01 1188473                    /usr/lib/x86_64-linux-gnu/gconv/gconv-modules.cache
7fe9d7704000-7fe9d7705000 r--p 00000000 08:01 1704221                    /usr/lib/locale/en_US.utf8/LC_IDENTIFICATION
7fe9d7705000-7fe9d770d000 rw-s 00000000 08:01 1183755                    /tmp/hsperfdata_jztech101/5624
7fe9d770d000-7fe9d770e000 rw-p 00000000 00:00 0 
7fe9d770e000-7fe9d770f000 ---p 00000000 00:00 0 
7fe9d770f000-7fe9d7711000 rw-p 00000000 00:00 0 
7fe9d7711000-7fe9d7712000 r--p 0001f000 08:01 525358                     /lib/x86_64-linux-gnu/ld-2.13.so
7fe9d7712000-7fe9d7713000 rw-p 00020000 08:01 525358                     /lib/x86_64-linux-gnu/ld-2.13.so
7fe9d7713000-7fe9d7714000 rw-p 00000000 00:00 0 
7ffff760d000-7ffff762e000 rw-p 00000000 00:00 0                          [stack]
7ffff763e000-7ffff7640000 r-xp 00000000 00:00 0                          [vdso]
ffffffffff600000-ffffffffff601000 r-xp 00000000 00:00 0                  [vsyscall]

VM Arguments:
jvm_args: -XX:MaxPermSize=256m -XX:+HeapDumpOnOutOfMemoryError -Xmx1024m -Dfile.encoding=UTF-8 
java_command: org.gradle.launcher.daemon.bootstrap.GradleDaemon 1.12 /home/jztech101/.gradle/daemon 60000 be1fa6d4-ccc8-402d-832e-60aacf8c4fc7 -XX:MaxPermSize=256m -XX:+HeapDumpOnOutOfMemoryError -Xmx1024m -Dfile.encoding=UTF-8
java_class_path (initial): /home/jztech101/.gradle/wrapper/dists/gradle-1.12-all/2650hq37qpph364ivk299q86gl/gradle-1.12/lib/gradle-launcher-1.12.jar
Launcher Type: SUN_STANDARD

Environment Variables:
JAVA_HOME=/home/jztech101/jdk
CLASSPATH=./../lib/bootstrap.jar:./../lib/extensions.jar:./../lib/util.jar:./../lib/jdom.jar:./../lib/log4j.jar:./../lib/trove4j.jar:./../lib/jna.jar:/home/jztech101/jdk/lib/tools.jar
PATH=/usr/local/bin:/usr/bin:/bin:/usr/local/games:/usr/games:/home/jztech101/jdk/bin
USERNAME=jztech101
LD_LIBRARY_PATH=.:
SHELL=/bin/bash
DISPLAY=:0.0

Signal Handlers:
SIGSEGV: [libjvm.so+0xa2fc90], sa_mask[0]=0x7ffbfeff, sa_flags=0x10000004
SIGBUS: [libjvm.so+0xa2fc90], sa_mask[0]=0x7ffbfeff, sa_flags=0x10000004
SIGFPE: [libjvm.so+0x89b4b0], sa_mask[0]=0x7ffbfeff, sa_flags=0x10000004
SIGPIPE: [libjvm.so+0x89b4b0], sa_mask[0]=0x7ffbfeff, sa_flags=0x10000004
SIGXFSZ: [libjvm.so+0x89b4b0], sa_mask[0]=0x7ffbfeff, sa_flags=0x10000004
SIGILL: [libjvm.so+0x89b4b0], sa_mask[0]=0x7ffbfeff, sa_flags=0x10000004
SIGUSR1: SIG_DFL, sa_mask[0]=0x00000000, sa_flags=0x00000000
SIGUSR2: [libjvm.so+0x89cc50], sa_mask[0]=0x00000004, sa_flags=0x10000004
SIGHUP: [libjvm.so+0x89df00], sa_mask[0]=0x7ffbfeff, sa_flags=0x10000004
SIGINT: [libjvm.so+0x89df00], sa_mask[0]=0x7ffbfeff, sa_flags=0x10000004
SIGTERM: [libjvm.so+0x89df00], sa_mask[0]=0x7ffbfeff, sa_flags=0x10000004
SIGQUIT: [libjvm.so+0x89df00], sa_mask[0]=0x7ffbfeff, sa_flags=0x10000004


---------------  S Y S T E M  ---------------

OS:PRETTY_NAME="Kali GNU/Linux 1.0"
NAME="Kali GNU/Linux"
ID=kali
VERSION="1.0"
VERSION_ID="1.0"
ID_LIKE=debian
ANSI_COLOR="1;31"
HOME_URL="http://www.kali.org/"
SUPPORT_URL="http://forums.kali.org/"
BUG_REPORT_URL="http://bugs.kali.org/"

uname:Linux 3.14-kali1-amd64 #1 SMP Debian 3.14.5-1kali1 (2014-06-07) x86_64
libc:glibc 2.13 NPTL 2.13 
rlimit: STACK 8192k, CORE 0k, NPROC 15871, NOFILE 4096, AS infinity
load average:4.39 2.63 1.75

/proc/meminfo:
MemTotal:        2051920 kB
MemFree:           75876 kB
MemAvailable:      28800 kB
Buffers:             108 kB
Cached:            38256 kB
SwapCached:            0 kB
Active:          1844444 kB
Inactive:          34640 kB
Active(anon):    1841836 kB
Inactive(anon):    31528 kB
Active(file):       2608 kB
Inactive(file):     3112 kB
Unevictable:          32 kB
Mlocked:              32 kB
SwapTotal:             0 kB
SwapFree:              0 kB
Dirty:               148 kB
Writeback:             0 kB
AnonPages:       1840808 kB
Mapped:            38272 kB
Shmem:             32588 kB
Slab:              38172 kB
SReclaimable:      12748 kB
SUnreclaim:        25424 kB
KernelStack:        4840 kB
PageTables:        32748 kB
NFS_Unstable:          0 kB
Bounce:                0 kB
WritebackTmp:          0 kB
CommitLimit:     1025960 kB
Committed_AS:    4036968 kB
VmallocTotal:   34359738367 kB
VmallocUsed:      147888 kB
VmallocChunk:   34359577140 kB
HardwareCorrupted:     0 kB
AnonHugePages:         0 kB
HugePages_Total:       0
HugePages_Free:        0
HugePages_Rsvd:        0
HugePages_Surp:        0
Hugepagesize:       2048 kB
DirectMap4k:       59264 kB
DirectMap2M:     2037760 kB


CPU:total 1 (1 cores per cpu, 1 threads per core) family 6 model 23 stepping 10, cmov, cx8, fxsr, mmx, sse, sse2, sse3, ssse3, sse4.1, tsc, tscinvbit

/proc/cpuinfo:
processor	: 0
vendor_id	: GenuineIntel
cpu family	: 6
model		: 23
model name	: Intel(R) Core(TM)2 Duo CPU     T9550  @ 2.66GHz
stepping	: 10
microcode	: 0xa0c
cpu MHz		: 2668.000
cache size	: 6144 KB
physical id	: 0
siblings	: 1
core id		: 0
cpu cores	: 1
apicid		: 0
initial apicid	: 0
fpu		: yes
fpu_exception	: yes
cpuid level	: 13
wp		: yes
flags		: fpu vme de pse tsc msr pae mce cx8 apic sep mtrr pge mca cmov pat pse36 clflush dts mmx fxsr sse sse2 ss syscall nx lm constant_tsc arch_perfmon pebs bts nopl xtopology tsc_reliable nonstop_tsc aperfmperf pni ssse3 cx16 sse4_1 x2apic xsave hypervisor lahf_lm ida dtherm
bogomips	: 5336.00
clflush size	: 64
cache_alignment	: 64
address sizes	: 40 bits physical, 48 bits virtual
power management:



Memory: 4k page, physical 2051920k(75876k free), swap 0k(0k free)

vm_info: Java HotSpot(TM) 64-Bit Server VM (25.5-b02) for linux-amd64 JRE (1.8.0_05-b13), built on Mar 18 2014 00:29:27 by "java_re" with gcc 4.3.0 20080428 (Red Hat 4.3.0-8)

time: Wed Jul 16 13:28:13 2014
elapsed time: 40 seconds

